<?xml version="1.0" encoding="UTF-8"?>
<!-- Generated by org.testng.reporters.JUnitReportReporter -->
<testsuite hostname="DESKTOP-JR8BLG4" failures="0" tests="1" name="generics.ReadDataFromExcel" time="0.586" errors="0" timestamp="2023-03-22T18:56:11 IST" skipped="0">
  <testcase classname="generics.ReadDataFromExcel" name="readData" time="0.586"/>
  <system-out/>
</testsuite> <!-- generics.ReadDataFromExcel -->
